<?xml version="1.0" encoding="UTF-8"?>
<testng-results skipped="0" failed="0" ignored="0" total="1" passed="1">
  <reporter-output>
  </reporter-output>
  <suite name="FLOW Suite" duration-ms="16250" started-at="2017-09-25T11:55:44Z" finished-at="2017-09-25T11:56:00Z">
    <groups>
    </groups>
    <test name="AllScripts" duration-ms="16250" started-at="2017-09-25T11:55:44Z" finished-at="2017-09-25T11:56:00Z">
      <class name="suite.runner.CustomSuiteRunner">
        <test-method status="PASS" signature="suiteRunner()[pri:0, instance:suite.runner.CustomSuiteRunner@7e0b0338]" name="suiteRunner" duration-ms="16236" started-at="2017-09-25T17:25:44Z" finished-at="2017-09-25T17:26:00Z">
          <reporter-output>
          </reporter-output>
        </test-method> <!-- suiteRunner -->
      </class> <!-- suite.runner.CustomSuiteRunner -->
    </test> <!-- AllScripts -->
  </suite> <!-- FLOW Suite -->
</testng-results>
